# JRE version: OpenJDK Runtime Environment (11.0.11+9) (build 11.0.11+9-b60-7590822)
# Java VM: OpenJDK 64-Bit Server VM (11.0.11+9-b60-7590822, mixed mode, tiered, compressed oops, g1 gc, windows-amd64)
Heap:
 garbage-first heap   total 376832K, used 164071K [0x0000000080000000, 0x0000000100000000)
  region size 1024K, 13 young (13312K), 3 survivors (3072K)
 Metaspace       used 173917K, capacity 178429K, committed 180736K, reserved 1208320K
  class space    used 20853K, capacity 22499K, committed 22784K, reserved 1048576K
GC Heap History (20 events):
Event: 1202.781 GC heap before
{Heap before GC invocations=98 (full 0):
 garbage-first heap   total 376832K, used 173114K [0x0000000080000000, 0x0000000100000000)
  region size 1024K, 34 young (34816K), 2 survivors (2048K)
 Metaspace       used 172445K, capacity 176754K, committed 177536K, reserved 1204224K
  class space    used 20753K, capacity 22333K, committed 22656K, reserved 1048576K
}
Event: 1202.850 GC heap after
{Heap after GC invocations=99 (full 0):
 garbage-first heap   total 376832K, used 142457K [0x0000000080000000, 0x0000000100000000)
  region size 1024K, 2 young (2048K), 2 survivors (2048K)
 Metaspace       used 172445K, capacity 176754K, committed 177536K, reserved 1204224K
  class space    used 20753K, capacity 22333K, committed 22656K, reserved 1048576K
}
Event: 1212.478 GC heap before
{Heap before GC invocations=100 (full 0):
 garbage-first heap   total 376832K, used 206969K [0x0000000080000000, 0x0000000100000000)
  region size 1024K, 57 young (58368K), 2 survivors (2048K)
 Metaspace       used 173623K, capacity 178007K, committed 178688K, reserved 1206272K
  class space    used 20864K, capacity 22471K, committed 22784K, reserved 1048576K
}
Event: 1212.563 GC heap after
{Heap after GC invocations=101 (full 0):
 garbage-first heap   total 376832K, used 152828K [0x0000000080000000, 0x0000000100000000)
  region size 1024K, 8 young (8192K), 8 survivors (8192K)
 Metaspace       used 173623K, capacity 178007K, committed 178688K, reserved 1206272K
  class space    used 20864K, capacity 22471K, committed 22784K, reserved 1048576K
}
Event: 1214.144 GC heap before
{Heap before GC invocations=101 (full 0):
 garbage-first heap   total 376832K, used 163068K [0x0000000080000000, 0x0000000100000000)
  region size 1024K, 18 young (18432K), 8 survivors (8192K)
 Metaspace       used 174949K, capacity 179517K, committed 179968K, reserved 1206272K
  class space    used 20965K, capacity 22634K, committed 22784K, reserved 1048576K
}
Event: 1214.183 GC heap after
{Heap after GC invocations=102 (full 0):
 garbage-first heap   total 376832K, used 150859K [0x0000000080000000, 0x0000000100000000)
  region size 1024K, 2 young (2048K), 2 survivors (2048K)
 Metaspace       used 174949K, capacity 179517K, committed 179968K, reserved 1206272K
  class space    used 20965K, capacity 22634K, committed 22784K, reserved 1048576K
}
Event: 1233.535 GC heap before
{Heap before GC invocations=102 (full 0):
 garbage-first heap   total 376832K, used 193867K [0x0000000080000000, 0x0000000100000000)
  region size 1024K, 45 young (46080K), 2 survivors (2048K)
 Metaspace       used 175033K, capacity 179594K, committed 179968K, reserved 1206272K
  class space    used 20966K, capacity 22637K, committed 22784K, reserved 1048576K
}
Event: 1233.670 GC heap after
{Heap after GC invocations=103 (full 0):
 garbage-first heap   total 376832K, used 151005K [0x0000000080000000, 0x0000000100000000)
  region size 1024K, 2 young (2048K), 2 survivors (2048K)
 Metaspace       used 175033K, capacity 179594K, committed 179968K, reserved 1206272K
  class space    used 20966K, capacity 22637K, committed 22784K, reserved 1048576K
}
Event: 1238.331 GC heap before
{Heap before GC invocations=103 (full 0):
 garbage-first heap   total 376832K, used 214493K [0x0000000080000000, 0x0000000100000000)
  region size 1024K, 61 young (62464K), 2 survivors (2048K)
 Metaspace       used 175347K, capacity 179872K, committed 180224K, reserved 1206272K
  class space    used 20967K, capacity 22637K, committed 22784K, reserved 1048576K
}
Event: 1238.571 GC heap after
{Heap after GC invocations=104 (full 0):
 garbage-first heap   total 376832K, used 160281K [0x0000000080000000, 0x0000000100000000)
  region size 1024K, 8 young (8192K), 8 survivors (8192K)
 Metaspace       used 175347K, capacity 179872K, committed 180224K, reserved 1206272K
  class space    used 20967K, capacity 22637K, committed 22784K, reserved 1048576K
}
Event: 1240.808 GC heap before
{Heap before GC invocations=104 (full 0):
 garbage-first heap   total 376832K, used 182809K [0x0000000080000000, 0x0000000100000000)
  region size 1024K, 31 young (31744K), 8 survivors (8192K)
 Metaspace       used 175420K, capacity 179947K, committed 180224K, reserved 1206272K
  class space    used 20967K, capacity 22637K, committed 22784K, reserved 1048576K
}
Event: 1240.982 GC heap after
{Heap after GC invocations=105 (full 0):
 garbage-first heap   total 376832K, used 160323K [0x0000000080000000, 0x0000000100000000)
  region size 1024K, 2 young (2048K), 2 survivors (2048K)
 Metaspace       used 175420K, capacity 179947K, committed 180224K, reserved 1206272K
  class space    used 20967K, capacity 22637K, committed 22784K, reserved 1048576K
}
Event: 1245.135 GC heap before
{Heap before GC invocations=106 (full 0):
 garbage-first heap   total 376832K, used 220739K [0x0000000080000000, 0x0000000100000000)
  region size 1024K, 60 young (61440K), 2 survivors (2048K)
 Metaspace       used 175590K, capacity 180123K, committed 180480K, reserved 1206272K
  class space    used 20975K, capacity 22644K, committed 22784K, reserved 1048576K
}
Event: 1245.167 GC heap after
{Heap after GC invocations=107 (full 0):
 garbage-first heap   total 376832K, used 159981K [0x0000000080000000, 0x0000000100000000)
  region size 1024K, 1 young (1024K), 1 survivors (1024K)
 Metaspace       used 175590K, capacity 180123K, committed 180480K, reserved 1206272K
  class space    used 20975K, capacity 22644K, committed 22784K, reserved 1048576K
}
Event: 1300.189 GC heap before
{Heap before GC invocations=107 (full 0):
 garbage-first heap   total 376832K, used 209133K [0x0000000080000000, 0x0000000100000000)
  region size 1024K, 18 young (18432K), 1 survivors (1024K)
 Metaspace       used 175775K, capacity 180357K, committed 180736K, reserved 1208320K
  class space    used 20984K, capacity 22652K, committed 22784K, reserved 1048576K
}
Event: 1301.808 GC heap after
{Heap after GC invocations=108 (full 0):
 garbage-first heap   total 376832K, used 158403K [0x0000000080000000, 0x0000000100000000)
  region size 1024K, 3 young (3072K), 3 survivors (3072K)
 Metaspace       used 175775K, capacity 180357K, committed 180736K, reserved 1208320K
  class space    used 20984K, capacity 22652K, committed 22784K, reserved 1048576K
}
Event: 1307.173 GC heap before
{Heap before GC invocations=108 (full 0):
 garbage-first heap   total 376832K, used 172739K [0x0000000080000000, 0x0000000100000000)
  region size 1024K, 18 young (18432K), 3 survivors (3072K)
 Metaspace       used 175798K, capacity 180357K, committed 180736K, reserved 1208320K
  class space    used 20984K, capacity 22652K, committed 22784K, reserved 1048576K
}
Event: 1307.346 GC heap after
{Heap after GC invocations=109 (full 0):
 garbage-first heap   total 376832K, used 158727K [0x0000000080000000, 0x0000000100000000)
  region size 1024K, 2 young (2048K), 2 survivors (2048K)
 Metaspace       used 175798K, capacity 180357K, committed 180736K, reserved 1208320K
  class space    used 20984K, capacity 22652K, committed 22784K, reserved 1048576K
}
Event: 1320.019 GC heap before
{Heap before GC invocations=110 (full 0):
 garbage-first heap   total 376832K, used 168967K [0x0000000080000000, 0x0000000100000000)
  region size 1024K, 18 young (18432K), 2 survivors (2048K)
 Metaspace       used 173844K, capacity 178381K, committed 180736K, reserved 1208320K
  class space    used 20844K, capacity 22484K, committed 22784K, reserved 1048576K
}
Event: 1320.229 GC heap after
{Heap after GC invocations=111 (full 0):
 garbage-first heap   total 376832K, used 154855K [0x0000000080000000, 0x0000000100000000)
  region size 1024K, 3 young (3072K), 3 survivors (3072K)
 Metaspace       used 173844K, capacity 178381K, committed 180736K, reserved 1208320K
  class space    used 20844K, capacity 22484K, committed 22784K, reserved 1048576K
}

