# JRE version: OpenJDK Runtime Environment (11.0.11+9) (build 11.0.11+9-b60-7590822)
# Java VM: OpenJDK 64-Bit Server VM (11.0.11+9-b60-7590822, mixed mode, tiered, compressed oops, g1 gc, windows-amd64)
Heap:
 garbage-first heap   total 101376K, used 47104K [0x00000000c9e00000, 0x0000000100000000)
  region size 1024K, 3 young (3072K), 3 survivors (3072K)
 Metaspace       used 56011K, capacity 56688K, committed 56860K, reserved 1099776K
  class space    used 6457K, capacity 6738K, committed 6860K, reserved 1048576K
GC Heap History (20 events):
Event: 3.691 GC heap after
{Heap after GC invocations=6 (full 0):
 garbage-first heap   total 57344K, used 19761K [0x00000000c9e00000, 0x0000000100000000)
  region size 1024K, 3 young (3072K), 3 survivors (3072K)
 Metaspace       used 31692K, capacity 32165K, committed 32432K, reserved 1077248K
  class space    used 3796K, capacity 3976K, committed 4096K, reserved 1048576K
}
Event: 4.299 GC heap before
{Heap before GC invocations=6 (full 0):
 garbage-first heap   total 57344K, used 35121K [0x00000000c9e00000, 0x0000000100000000)
  region size 1024K, 19 young (19456K), 3 survivors (3072K)
 Metaspace       used 35405K, capacity 35855K, committed 35920K, reserved 1081344K
  class space    used 4426K, capacity 4586K, committed 4608K, reserved 1048576K
}
Event: 4.307 GC heap after
{Heap after GC invocations=7 (full 0):
 garbage-first heap   total 57344K, used 22030K [0x00000000c9e00000, 0x0000000100000000)
  region size 1024K, 2 young (2048K), 2 survivors (2048K)
 Metaspace       used 35405K, capacity 35855K, committed 35920K, reserved 1081344K
  class space    used 4426K, capacity 4586K, committed 4608K, reserved 1048576K
}
Event: 4.829 GC heap before
{Heap before GC invocations=8 (full 0):
 garbage-first heap   total 57344K, used 39438K [0x00000000c9e00000, 0x0000000100000000)
  region size 1024K, 19 young (19456K), 2 survivors (2048K)
 Metaspace       used 38433K, capacity 38965K, committed 39196K, reserved 1083392K
  class space    used 4753K, capacity 4980K, committed 5068K, reserved 1048576K
}
Event: 4.836 GC heap after
{Heap after GC invocations=9 (full 0):
 garbage-first heap   total 69632K, used 21954K [0x00000000c9e00000, 0x0000000100000000)
  region size 1024K, 2 young (2048K), 2 survivors (2048K)
 Metaspace       used 38433K, capacity 38965K, committed 39196K, reserved 1083392K
  class space    used 4753K, capacity 4980K, committed 5068K, reserved 1048576K
}
Event: 5.343 GC heap before
{Heap before GC invocations=9 (full 0):
 garbage-first heap   total 69632K, used 43458K [0x00000000c9e00000, 0x0000000100000000)
  region size 1024K, 24 young (24576K), 2 survivors (2048K)
 Metaspace       used 42760K, capacity 43268K, committed 43420K, reserved 1087488K
  class space    used 5160K, capacity 5369K, committed 5452K, reserved 1048576K
}
Event: 5.351 GC heap after
{Heap after GC invocations=10 (full 0):
 garbage-first heap   total 69632K, used 23919K [0x00000000c9e00000, 0x0000000100000000)
  region size 1024K, 2 young (2048K), 2 survivors (2048K)
 Metaspace       used 42760K, capacity 43268K, committed 43420K, reserved 1087488K
  class space    used 5160K, capacity 5369K, committed 5452K, reserved 1048576K
}
Event: 6.171 GC heap before
{Heap before GC invocations=10 (full 0):
 garbage-first heap   total 69632K, used 48495K [0x00000000c9e00000, 0x0000000100000000)
  region size 1024K, 24 young (24576K), 2 survivors (2048K)
 Metaspace       used 47122K, capacity 47600K, committed 47900K, reserved 1091584K
  class space    used 5595K, capacity 5803K, committed 5836K, reserved 1048576K
}
Event: 6.184 GC heap after
{Heap after GC invocations=11 (full 0):
 garbage-first heap   total 69632K, used 29363K [0x00000000c9e00000, 0x0000000100000000)
  region size 1024K, 3 young (3072K), 3 survivors (3072K)
 Metaspace       used 47122K, capacity 47600K, committed 47900K, reserved 1091584K
  class space    used 5595K, capacity 5803K, committed 5836K, reserved 1048576K
}
Event: 6.967 GC heap before
{Heap before GC invocations=11 (full 0):
 garbage-first heap   total 69632K, used 50867K [0x00000000c9e00000, 0x0000000100000000)
  region size 1024K, 23 young (23552K), 3 survivors (3072K)
 Metaspace       used 49127K, capacity 49681K, committed 49948K, reserved 1093632K
  class space    used 5820K, capacity 6029K, committed 6092K, reserved 1048576K
}
Event: 6.985 GC heap after
{Heap after GC invocations=12 (full 0):
 garbage-first heap   total 69632K, used 33243K [0x00000000c9e00000, 0x0000000100000000)
  region size 1024K, 3 young (3072K), 3 survivors (3072K)
 Metaspace       used 49127K, capacity 49681K, committed 49948K, reserved 1093632K
  class space    used 5820K, capacity 6029K, committed 6092K, reserved 1048576K
}
Event: 7.067 GC heap before
{Heap before GC invocations=12 (full 0):
 garbage-first heap   total 69632K, used 51675K [0x00000000c9e00000, 0x0000000100000000)
  region size 1024K, 21 young (21504K), 3 survivors (3072K)
 Metaspace       used 49221K, capacity 49745K, committed 49948K, reserved 1093632K
  class space    used 5820K, capacity 6029K, committed 6092K, reserved 1048576K
}
Event: 7.078 GC heap after
{Heap after GC invocations=13 (full 0):
 garbage-first heap   total 83968K, used 35326K [0x00000000c9e00000, 0x0000000100000000)
  region size 1024K, 2 young (2048K), 2 survivors (2048K)
 Metaspace       used 49221K, capacity 49745K, committed 49948K, reserved 1093632K
  class space    used 5820K, capacity 6029K, committed 6092K, reserved 1048576K
}
Event: 7.762 GC heap before
{Heap before GC invocations=13 (full 0):
 garbage-first heap   total 83968K, used 56830K [0x00000000c9e00000, 0x0000000100000000)
  region size 1024K, 24 young (24576K), 2 survivors (2048K)
 Metaspace       used 51603K, capacity 52186K, committed 52508K, reserved 1095680K
  class space    used 5995K, capacity 6224K, committed 6348K, reserved 1048576K
}
Event: 7.779 GC heap after
{Heap after GC invocations=14 (full 0):
 garbage-first heap   total 83968K, used 37784K [0x00000000c9e00000, 0x0000000100000000)
  region size 1024K, 3 young (3072K), 3 survivors (3072K)
 Metaspace       used 51603K, capacity 52186K, committed 52508K, reserved 1095680K
  class space    used 5995K, capacity 6224K, committed 6348K, reserved 1048576K
}
Event: 8.339 GC heap before
{Heap before GC invocations=14 (full 0):
 garbage-first heap   total 83968K, used 59288K [0x00000000c9e00000, 0x0000000100000000)
  region size 1024K, 25 young (25600K), 3 survivors (3072K)
 Metaspace       used 52048K, capacity 52635K, committed 53020K, reserved 1095680K
  class space    used 6005K, capacity 6224K, committed 6348K, reserved 1048576K
}
Event: 8.362 GC heap after
{Heap after GC invocations=15 (full 0):
 garbage-first heap   total 83968K, used 42108K [0x00000000c9e00000, 0x0000000100000000)
  region size 1024K, 4 young (4096K), 4 survivors (4096K)
 Metaspace       used 52048K, capacity 52635K, committed 53020K, reserved 1095680K
  class space    used 6005K, capacity 6224K, committed 6348K, reserved 1048576K
}
Event: 8.896 GC heap before
{Heap before GC invocations=15 (full 0):
 garbage-first heap   total 83968K, used 62588K [0x00000000c9e00000, 0x0000000100000000)
  region size 1024K, 24 young (24576K), 4 survivors (4096K)
 Metaspace       used 54503K, capacity 55103K, committed 55324K, reserved 1097728K
  class space    used 6269K, capacity 6493K, committed 6604K, reserved 1048576K
}
Event: 8.916 GC heap after
{Heap after GC invocations=16 (full 0):
 garbage-first heap   total 83968K, used 44011K [0x00000000c9e00000, 0x0000000100000000)
  region size 1024K, 2 young (2048K), 2 survivors (2048K)
 Metaspace       used 54503K, capacity 55103K, committed 55324K, reserved 1097728K
  class space    used 6269K, capacity 6493K, committed 6604K, reserved 1048576K
}
Event: 9.500 GC heap before
{Heap before GC invocations=17 (full 0):
 garbage-first heap   total 83968K, used 63467K [0x00000000c9e00000, 0x0000000100000000)
  region size 1024K, 21 young (21504K), 2 survivors (2048K)
 Metaspace       used 56011K, capacity 56688K, committed 56860K, reserved 1099776K
  class space    used 6457K, capacity 6738K, committed 6860K, reserved 1048576K
}

