# JRE version: OpenJDK Runtime Environment (11.0.11+9) (build 11.0.11+9-b60-7590822)
# Java VM: OpenJDK 64-Bit Server VM (11.0.11+9-b60-7590822, mixed mode, tiered, compressed oops, g1 gc, windows-amd64)
Heap:
 garbage-first heap   total 396288K, used 153005K [0x0000000080000000, 0x0000000100000000)
  region size 1024K, 43 young (44032K), 8 survivors (8192K)
 Metaspace       used 108151K, capacity 110960K, committed 111260K, reserved 1146880K
  class space    used 13446K, capacity 14512K, committed 14592K, reserved 1048576K
GC Heap History (20 events):
Event: 28.121 GC heap before
{Heap before GC invocations=46 (full 0):
 garbage-first heap   total 253952K, used 158720K [0x0000000080000000, 0x0000000100000000)
  region size 1024K, 88 young (90112K), 7 survivors (7168K)
 Metaspace       used 88987K, capacity 91203K, committed 91292K, reserved 1128448K
  class space    used 11409K, capacity 12251K, committed 12288K, reserved 1048576K
}
Event: 28.220 GC heap after
{Heap after GC invocations=47 (full 0):
 garbage-first heap   total 253952K, used 82983K [0x0000000080000000, 0x0000000100000000)
  region size 1024K, 11 young (11264K), 11 survivors (11264K)
 Metaspace       used 88987K, capacity 91203K, committed 91292K, reserved 1128448K
  class space    used 11409K, capacity 12251K, committed 12288K, reserved 1048576K
}
Event: 31.982 GC heap before
{Heap before GC invocations=47 (full 0):
 garbage-first heap   total 253952K, used 175143K [0x0000000080000000, 0x0000000100000000)
  region size 1024K, 102 young (104448K), 11 survivors (11264K)
 Metaspace       used 91087K, capacity 93284K, committed 93340K, reserved 1130496K
  class space    used 11652K, capacity 12503K, committed 12544K, reserved 1048576K
}
Event: 32.101 GC heap after
{Heap after GC invocations=48 (full 0):
 garbage-first heap   total 253952K, used 89088K [0x0000000080000000, 0x0000000100000000)
  region size 1024K, 12 young (12288K), 12 survivors (12288K)
 Metaspace       used 91087K, capacity 93284K, committed 93340K, reserved 1130496K
  class space    used 11652K, capacity 12503K, committed 12544K, reserved 1048576K
}
Event: 36.788 GC heap before
{Heap before GC invocations=48 (full 0):
 garbage-first heap   total 253952K, used 188416K [0x0000000080000000, 0x0000000100000000)
  region size 1024K, 110 young (112640K), 12 survivors (12288K)
 Metaspace       used 95781K, capacity 98029K, committed 98204K, reserved 1134592K
  class space    used 12192K, capacity 13008K, committed 13056K, reserved 1048576K
}
Event: 36.852 GC heap after
{Heap after GC invocations=49 (full 0):
 garbage-first heap   total 253952K, used 94473K [0x0000000080000000, 0x0000000100000000)
  region size 1024K, 12 young (12288K), 12 survivors (12288K)
 Metaspace       used 95781K, capacity 98029K, committed 98204K, reserved 1134592K
  class space    used 12192K, capacity 13008K, committed 13056K, reserved 1048576K
}
Event: 176.884 GC heap before
{Heap before GC invocations=49 (full 0):
 garbage-first heap   total 253952K, used 196873K [0x0000000080000000, 0x0000000100000000)
  region size 1024K, 113 young (115712K), 12 survivors (12288K)
 Metaspace       used 100026K, capacity 102286K, committed 102428K, reserved 1138688K
  class space    used 12538K, capacity 13387K, committed 13440K, reserved 1048576K
}
Event: 177.420 GC heap after
{Heap after GC invocations=50 (full 0):
 garbage-first heap   total 396288K, used 100872K [0x0000000080000000, 0x0000000100000000)
  region size 1024K, 12 young (12288K), 12 survivors (12288K)
 Metaspace       used 100026K, capacity 102286K, committed 102428K, reserved 1138688K
  class space    used 12538K, capacity 13387K, committed 13440K, reserved 1048576K
}
Event: 178.797 GC heap before
{Heap before GC invocations=50 (full 0):
 garbage-first heap   total 396288K, used 112136K [0x0000000080000000, 0x0000000100000000)
  region size 1024K, 24 young (24576K), 12 survivors (12288K)
 Metaspace       used 100124K, capacity 102372K, committed 102428K, reserved 1138688K
  class space    used 12539K, capacity 13389K, committed 13440K, reserved 1048576K
}
Event: 178.952 GC heap after
{Heap after GC invocations=51 (full 0):
 garbage-first heap   total 396288K, used 102668K [0x0000000080000000, 0x0000000100000000)
  region size 1024K, 3 young (3072K), 3 survivors (3072K)
 Metaspace       used 100124K, capacity 102372K, committed 102428K, reserved 1138688K
  class space    used 12539K, capacity 13389K, committed 13440K, reserved 1048576K
}
Event: 182.711 GC heap before
{Heap before GC invocations=51 (full 0):
 garbage-first heap   total 396288K, used 169228K [0x0000000080000000, 0x0000000100000000)
  region size 1024K, 69 young (70656K), 3 survivors (3072K)
 Metaspace       used 101227K, capacity 103659K, committed 103836K, reserved 1140736K
  class space    used 12617K, capacity 13520K, committed 13568K, reserved 1048576K
}
Event: 182.734 GC heap after
{Heap after GC invocations=52 (full 0):
 garbage-first heap   total 396288K, used 109119K [0x0000000080000000, 0x0000000100000000)
  region size 1024K, 9 young (9216K), 9 survivors (9216K)
 Metaspace       used 101227K, capacity 103659K, committed 103836K, reserved 1140736K
  class space    used 12617K, capacity 13520K, committed 13568K, reserved 1048576K
}
Event: 190.650 GC heap before
{Heap before GC invocations=52 (full 0):
 garbage-first heap   total 396288K, used 173631K [0x0000000080000000, 0x0000000100000000)
  region size 1024K, 73 young (74752K), 9 survivors (9216K)
 Metaspace       used 102770K, capacity 105191K, committed 105372K, reserved 1140736K
  class space    used 12794K, capacity 13713K, committed 13824K, reserved 1048576K
}
Event: 190.702 GC heap after
{Heap after GC invocations=53 (full 0):
 garbage-first heap   total 396288K, used 113731K [0x0000000080000000, 0x0000000100000000)
  region size 1024K, 5 young (5120K), 5 survivors (5120K)
 Metaspace       used 102770K, capacity 105191K, committed 105372K, reserved 1140736K
  class space    used 12794K, capacity 13713K, committed 13824K, reserved 1048576K
}
Event: 293.771 GC heap before
{Heap before GC invocations=53 (full 0):
 garbage-first heap   total 396288K, used 234563K [0x0000000080000000, 0x0000000100000000)
  region size 1024K, 92 young (94208K), 5 survivors (5120K)
 Metaspace       used 105350K, capacity 107917K, committed 108060K, reserved 1142784K
  class space    used 13098K, capacity 14081K, committed 14208K, reserved 1048576K
}
Event: 294.075 GC heap after
{Heap after GC invocations=54 (full 0):
 garbage-first heap   total 396288K, used 116067K [0x0000000080000000, 0x0000000100000000)
  region size 1024K, 7 young (7168K), 7 survivors (7168K)
 Metaspace       used 105350K, capacity 107917K, committed 108060K, reserved 1142784K
  class space    used 13098K, capacity 14081K, committed 14208K, reserved 1048576K
}
Event: 435.199 GC heap before
{Heap before GC invocations=54 (full 0):
 garbage-first heap   total 396288K, used 177507K [0x0000000080000000, 0x0000000100000000)
  region size 1024K, 68 young (69632K), 7 survivors (7168K)
 Metaspace       used 105736K, capacity 108319K, committed 108572K, reserved 1144832K
  class space    used 13121K, capacity 14122K, committed 14208K, reserved 1048576K
}
Event: 435.402 GC heap after
{Heap after GC invocations=55 (full 0):
 garbage-first heap   total 396288K, used 113355K [0x0000000080000000, 0x0000000100000000)
  region size 1024K, 2 young (2048K), 2 survivors (2048K)
 Metaspace       used 105736K, capacity 108319K, committed 108572K, reserved 1144832K
  class space    used 13121K, capacity 14122K, committed 14208K, reserved 1048576K
}
Event: 447.538 GC heap before
{Heap before GC invocations=55 (full 0):
 garbage-first heap   total 396288K, used 175819K [0x0000000080000000, 0x0000000100000000)
  region size 1024K, 64 young (65536K), 2 survivors (2048K)
 Metaspace       used 106073K, capacity 108664K, committed 108828K, reserved 1144832K
  class space    used 13142K, capacity 14158K, committed 14208K, reserved 1048576K
}
Event: 447.654 GC heap after
{Heap after GC invocations=56 (full 0):
 garbage-first heap   total 396288K, used 119213K [0x0000000080000000, 0x0000000100000000)
  region size 1024K, 8 young (8192K), 8 survivors (8192K)
 Metaspace       used 106073K, capacity 108664K, committed 108828K, reserved 1144832K
  class space    used 13142K, capacity 14158K, committed 14208K, reserved 1048576K
}

