# JRE version: OpenJDK Runtime Environment (11.0.11+9) (build 11.0.11+9-b60-7590822)
# Java VM: OpenJDK 64-Bit Server VM (11.0.11+9-b60-7590822, mixed mode, tiered, compressed oops, g1 gc, windows-amd64)
Heap:
 garbage-first heap   total 69632K, used 28650K [0x00000000c9e00000, 0x0000000100000000)
  region size 1024K, 14 young (14336K), 3 survivors (3072K)
 Metaspace       used 33886K, capacity 34351K, committed 34608K, reserved 1079296K
  class space    used 4267K, capacity 4426K, committed 4480K, reserved 1048576K
GC Heap History (10 events):
Event: 0.643 GC heap before
{Heap before GC invocations=0 (full 0):
 garbage-first heap   total 57344K, used 17408K [0x00000000c9e00000, 0x0000000100000000)
  region size 1024K, 14 young (14336K), 0 survivors (0K)
 Metaspace       used 9806K, capacity 9874K, committed 10112K, reserved 1058816K
  class space    used 839K, capacity 885K, committed 896K, reserved 1048576K
}
Event: 0.647 GC heap after
{Heap after GC invocations=1 (full 0):
 garbage-first heap   total 57344K, used 5279K [0x00000000c9e00000, 0x0000000100000000)
  region size 1024K, 2 young (2048K), 2 survivors (2048K)
 Metaspace       used 9806K, capacity 9874K, committed 10112K, reserved 1058816K
  class space    used 839K, capacity 885K, committed 896K, reserved 1048576K
}
Event: 1.411 GC heap before
{Heap before GC invocations=1 (full 0):
 garbage-first heap   total 57344K, used 37023K [0x00000000c9e00000, 0x0000000100000000)
  region size 1024K, 33 young (33792K), 2 survivors (2048K)
 Metaspace       used 16993K, capacity 17155K, committed 17408K, reserved 1064960K
  class space    used 1683K, capacity 1765K, committed 1792K, reserved 1048576K
}
Event: 1.423 GC heap after
{Heap after GC invocations=2 (full 0):
 garbage-first heap   total 57344K, used 8444K [0x00000000c9e00000, 0x0000000100000000)
  region size 1024K, 5 young (5120K), 5 survivors (5120K)
 Metaspace       used 16993K, capacity 17155K, committed 17408K, reserved 1064960K
  class space    used 1683K, capacity 1765K, committed 1792K, reserved 1048576K
}
Event: 1.924 GC heap before
{Heap before GC invocations=2 (full 0):
 garbage-first heap   total 57344K, used 21756K [0x00000000c9e00000, 0x0000000100000000)
  region size 1024K, 19 young (19456K), 5 survivors (5120K)
 Metaspace       used 20917K, capacity 21178K, committed 21296K, reserved 1069056K
  class space    used 2268K, capacity 2379K, committed 2432K, reserved 1048576K
}
Event: 1.938 GC heap after
{Heap after GC invocations=3 (full 0):
 garbage-first heap   total 57344K, used 9400K [0x00000000c9e00000, 0x0000000100000000)
  region size 1024K, 1 young (1024K), 1 survivors (1024K)
 Metaspace       used 20917K, capacity 21178K, committed 21296K, reserved 1069056K
  class space    used 2268K, capacity 2379K, committed 2432K, reserved 1048576K
}
Event: 2.623 GC heap before
{Heap before GC invocations=4 (full 0):
 garbage-first heap   total 57344K, used 33976K [0x00000000c9e00000, 0x0000000100000000)
  region size 1024K, 22 young (22528K), 1 survivors (1024K)
 Metaspace       used 27287K, capacity 27753K, committed 27952K, reserved 1075200K
  class space    used 2980K, capacity 3157K, committed 3200K, reserved 1048576K
}
Event: 2.630 GC heap after
{Heap after GC invocations=5 (full 0):
 garbage-first heap   total 57344K, used 14069K [0x00000000c9e00000, 0x0000000100000000)
  region size 1024K, 3 young (3072K), 3 survivors (3072K)
 Metaspace       used 27287K, capacity 27753K, committed 27952K, reserved 1075200K
  class space    used 2980K, capacity 3157K, committed 3200K, reserved 1048576K
}
Event: 3.523 GC heap before
{Heap before GC invocations=5 (full 0):
 garbage-first heap   total 57344K, used 37621K [0x00000000c9e00000, 0x0000000100000000)
  region size 1024K, 24 young (24576K), 3 survivors (3072K)
 Metaspace       used 31634K, capacity 32101K, committed 32432K, reserved 1077248K
  class space    used 3796K, capacity 3976K, committed 4096K, reserved 1048576K
}
Event: 3.537 GC heap after
{Heap after GC invocations=6 (full 0):
 garbage-first heap   total 69632K, used 19434K [0x00000000c9e00000, 0x0000000100000000)
  region size 1024K, 3 young (3072K), 3 survivors (3072K)
 Metaspace       used 31634K, capacity 32101K, committed 32432K, reserved 1077248K
  class space    used 3796K, capacity 3976K, committed 4096K, reserved 1048576K
}

